mode: set
github.com/tsawler/celeritas/celeritas.go:42.48,50.16 3 0
github.com/tsawler/celeritas/celeritas.go:50.16,52.3 1 0
github.com/tsawler/celeritas/celeritas.go:54.2,55.16 2 0
github.com/tsawler/celeritas/celeritas.go:55.16,57.3 1 0
github.com/tsawler/celeritas/celeritas.go:60.2,61.16 2 0
github.com/tsawler/celeritas/celeritas.go:61.16,63.3 1 0
github.com/tsawler/celeritas/celeritas.go:66.2,109.12 14 0
github.com/tsawler/celeritas/celeritas.go:112.45,114.37 2 0
github.com/tsawler/celeritas/celeritas.go:114.37,116.17 2 0
github.com/tsawler/celeritas/celeritas.go:116.17,118.4 1 0
github.com/tsawler/celeritas/celeritas.go:121.2,121.12 1 0
github.com/tsawler/celeritas/celeritas.go:125.38,138.2 4 0
github.com/tsawler/celeritas/celeritas.go:140.52,143.16 2 0
github.com/tsawler/celeritas/celeritas.go:143.16,145.3 1 0
github.com/tsawler/celeritas/celeritas.go:147.2,147.12 1 0
github.com/tsawler/celeritas/celeritas.go:150.63,158.2 5 0
github.com/tsawler/celeritas/celeritas.go:160.38,168.2 2 0
github.com/tsawler/celeritas/helpers.go:5.60,7.49 2 0
github.com/tsawler/celeritas/helpers.go:7.49,9.17 2 0
github.com/tsawler/celeritas/helpers.go:9.17,11.4 1 0
github.com/tsawler/celeritas/helpers.go:14.2,14.12 1 0
github.com/tsawler/celeritas/helpers.go:17.61,19.24 2 0
github.com/tsawler/celeritas/helpers.go:19.24,21.17 2 0
github.com/tsawler/celeritas/helpers.go:21.17,23.4 1 0
github.com/tsawler/celeritas/helpers.go:25.3,25.29 1 0
github.com/tsawler/celeritas/helpers.go:25.29,27.4 1 0
github.com/tsawler/celeritas/helpers.go:29.2,29.12 1 0
github.com/tsawler/celeritas/middleware.go:7.65,10.2 2 0
github.com/tsawler/celeritas/routes.go:10.43,14.13 4 0
github.com/tsawler/celeritas/routes.go:14.13,16.3 1 0
github.com/tsawler/celeritas/routes.go:17.2,26.12 3 0
github.com/tsawler/celeritas/session/session.go:21.53,28.16 3 1
github.com/tsawler/celeritas/session/session.go:28.16,30.3 1 0
github.com/tsawler/celeritas/session/session.go:34.2,34.49 1 1
github.com/tsawler/celeritas/session/session.go:34.49,36.3 1 1
github.com/tsawler/celeritas/session/session.go:36.8,38.3 1 0
github.com/tsawler/celeritas/session/session.go:41.2,41.48 1 1
github.com/tsawler/celeritas/session/session.go:41.48,43.3 1 0
github.com/tsawler/celeritas/session/session.go:46.2,55.40 8 1
github.com/tsawler/celeritas/session/session.go:56.15,56.15 0 0
github.com/tsawler/celeritas/session/session.go:58.26,58.26 0 0
github.com/tsawler/celeritas/session/session.go:60.32,60.32 0 0
github.com/tsawler/celeritas/session/session.go:62.10,62.10 0 1
github.com/tsawler/celeritas/session/session.go:66.2,66.16 1 1
github.com/tsawler/celeritas/render/render.go:34.111,35.37 1 1
github.com/tsawler/celeritas/render/render.go:36.12,37.36 1 1
github.com/tsawler/celeritas/render/render.go:38.13,39.48 1 1
github.com/tsawler/celeritas/render/render.go:40.10,40.10 0 1
github.com/tsawler/celeritas/render/render.go:43.2,43.12 1 1
github.com/tsawler/celeritas/render/render.go:48.102,50.16 2 1
github.com/tsawler/celeritas/render/render.go:50.16,52.3 1 1
github.com/tsawler/celeritas/render/render.go:54.2,55.17 2 1
github.com/tsawler/celeritas/render/render.go:55.17,57.3 1 0
github.com/tsawler/celeritas/render/render.go:59.2,60.16 2 1
github.com/tsawler/celeritas/render/render.go:60.16,62.3 1 0
github.com/tsawler/celeritas/render/render.go:64.2,64.12 1 1
github.com/tsawler/celeritas/render/render.go:68.122,71.22 2 1
github.com/tsawler/celeritas/render/render.go:71.22,73.3 1 1
github.com/tsawler/celeritas/render/render.go:73.8,75.3 1 0
github.com/tsawler/celeritas/render/render.go:77.2,78.17 2 1
github.com/tsawler/celeritas/render/render.go:78.17,80.3 1 0
github.com/tsawler/celeritas/render/render.go:82.2,83.16 2 1
github.com/tsawler/celeritas/render/render.go:83.16,86.3 2 1
github.com/tsawler/celeritas/render/render.go:88.2,88.46 1 1
github.com/tsawler/celeritas/render/render.go:88.46,91.3 2 0
github.com/tsawler/celeritas/render/render.go:93.2,93.12 1 1
