mode: set
github.com/tsawler/celeritas/celeritas.go:37.48,45.16 3 0
github.com/tsawler/celeritas/celeritas.go:45.16,47.3 1 0
github.com/tsawler/celeritas/celeritas.go:49.2,50.16 2 0
github.com/tsawler/celeritas/celeritas.go:50.16,52.3 1 0
github.com/tsawler/celeritas/celeritas.go:55.2,56.16 2 0
github.com/tsawler/celeritas/celeritas.go:56.16,58.3 1 0
github.com/tsawler/celeritas/celeritas.go:61.2,84.12 12 0
github.com/tsawler/celeritas/celeritas.go:87.45,89.37 2 0
github.com/tsawler/celeritas/celeritas.go:89.37,91.17 2 0
github.com/tsawler/celeritas/celeritas.go:91.17,93.4 1 0
github.com/tsawler/celeritas/celeritas.go:96.2,96.12 1 0
github.com/tsawler/celeritas/celeritas.go:100.38,113.2 4 0
github.com/tsawler/celeritas/celeritas.go:115.52,118.16 2 0
github.com/tsawler/celeritas/celeritas.go:118.16,120.3 1 0
github.com/tsawler/celeritas/celeritas.go:122.2,122.12 1 0
github.com/tsawler/celeritas/celeritas.go:125.63,133.2 5 0
github.com/tsawler/celeritas/celeritas.go:135.38,143.2 2 0
github.com/tsawler/celeritas/helpers.go:5.60,7.49 2 0
github.com/tsawler/celeritas/helpers.go:7.49,9.17 2 0
github.com/tsawler/celeritas/helpers.go:9.17,11.4 1 0
github.com/tsawler/celeritas/helpers.go:14.2,14.12 1 0
github.com/tsawler/celeritas/helpers.go:17.61,19.24 2 0
github.com/tsawler/celeritas/helpers.go:19.24,21.17 2 0
github.com/tsawler/celeritas/helpers.go:21.17,23.4 1 0
github.com/tsawler/celeritas/helpers.go:25.3,25.29 1 0
github.com/tsawler/celeritas/helpers.go:25.29,27.4 1 0
github.com/tsawler/celeritas/helpers.go:29.2,29.12 1 0
github.com/tsawler/celeritas/routes.go:11.43,15.13 4 0
github.com/tsawler/celeritas/routes.go:15.13,17.3 1 0
github.com/tsawler/celeritas/routes.go:18.2,20.60 2 0
github.com/tsawler/celeritas/routes.go:20.60,22.3 1 0
github.com/tsawler/celeritas/routes.go:24.2,24.12 1 0
github.com/tsawler/celeritas/render/render.go:35.111,36.37 1 1
github.com/tsawler/celeritas/render/render.go:37.12,38.36 1 1
github.com/tsawler/celeritas/render/render.go:39.13,40.48 1 1
github.com/tsawler/celeritas/render/render.go:41.10,41.10 0 1
github.com/tsawler/celeritas/render/render.go:44.2,44.52 1 1
github.com/tsawler/celeritas/render/render.go:48.102,50.16 2 1
github.com/tsawler/celeritas/render/render.go:50.16,52.3 1 1
github.com/tsawler/celeritas/render/render.go:54.2,55.17 2 1
github.com/tsawler/celeritas/render/render.go:55.17,57.3 1 0
github.com/tsawler/celeritas/render/render.go:59.2,60.16 2 1
github.com/tsawler/celeritas/render/render.go:60.16,62.3 1 0
github.com/tsawler/celeritas/render/render.go:64.2,64.12 1 1
github.com/tsawler/celeritas/render/render.go:68.122,71.22 2 1
github.com/tsawler/celeritas/render/render.go:71.22,73.3 1 1
github.com/tsawler/celeritas/render/render.go:73.8,75.3 1 0
github.com/tsawler/celeritas/render/render.go:77.2,78.17 2 1
github.com/tsawler/celeritas/render/render.go:78.17,80.3 1 0
github.com/tsawler/celeritas/render/render.go:82.2,83.16 2 1
github.com/tsawler/celeritas/render/render.go:83.16,86.3 2 1
github.com/tsawler/celeritas/render/render.go:88.2,88.46 1 1
github.com/tsawler/celeritas/render/render.go:88.46,91.3 2 0
github.com/tsawler/celeritas/render/render.go:93.2,93.12 1 1
